# JRE version: OpenJDK Runtime Environment Temurin-21.0.11+10 (21.0.11+10) (build 21.0.11+10-LTS)
# Java VM: OpenJDK 64-Bit Server VM Temurin-21.0.11+10 (21.0.11+10-LTS, mixed mode, sharing, tiered, compressed oops, compressed class ptrs, parallel gc, windows-amd64)
GC Precious Log:
 CardTable entry size: 512
 CPUs: 12 total, 12 available
 Memory: 16002M
 Large Page Support: Disabled
 NUMA Support: Disabled
 Compressed Oops: Enabled (32-bit)
 Alignments: Space 512K, Generation 512K, Heap 2M
 Heap Min Capacity: 100M
 Heap Initial Capacity: 100M
 Heap Max Capacity: 2G
 Pre-touch: Disabled
 Parallel Workers: 10
Heap:
 PSYoungGen      total 4096K, used 2545K [0x00000000d5580000, 0x00000000d5c00000, 0x0000000100000000)
  eden space 3584K, 62% used [0x00000000d5580000,0x00000000d57ac550,0x00000000d5900000)
  from space 512K, 62% used [0x00000000d5b00000,0x00000000d5b50000,0x00000000d5b80000)
  to   space 512K, 0% used [0x00000000d5b80000,0x00000000d5b80000,0x00000000d5c00000)
 ParOldGen       total 522752K, used 113097K [0x0000000080000000, 0x000000009fe80000, 0x00000000d5580000)
  object space 522752K, 21% used [0x0000000080000000,0x0000000086e724f0,0x000000009fe80000)
 Metaspace       used 81939K, committed 83840K, reserved 1179648K
  class space    used 8624K, committed 9472K, reserved 1048576K
GC Heap History (20 events):
Event: 995.789 GC heap before
{Heap before GC invocations=336 (full 4):
 PSYoungGen      total 4096K, used 3872K [0x00000000d5580000, 0x00000000d5c00000, 0x0000000100000000)
  eden space 3584K, 100% used [0x00000000d5580000,0x00000000d5900000,0x00000000d5900000)
  from space 512K, 56% used [0x00000000d5b00000,0x00000000d5b48000,0x00000000d5b80000)
  to   space 512K, 0% used [0x00000000d5b80000,0x00000000d5b80000,0x00000000d5c00000)
 ParOldGen       total 522752K, used 111770K [0x0000000080000000, 0x000000009fe80000, 0x00000000d5580000)
  object space 522752K, 21% used [0x0000000080000000,0x0000000086d268d0,0x000000009fe80000)
 Metaspace       used 78318K, committed 80192K, reserved 1179648K
  class space    used 8058K, committed 8896K, reserved 1048576K
}
Event: 995.789 GC heap after
{Heap after GC invocations=336 (full 4):
 PSYoungGen      total 4096K, used 337K [0x00000000d5580000, 0x00000000d5c00000, 0x0000000100000000)
  eden space 3584K, 0% used [0x00000000d5580000,0x00000000d5580000,0x00000000d5900000)
  from space 512K, 65% used [0x00000000d5b80000,0x00000000d5bd45a8,0x00000000d5c00000)
  to   space 512K, 0% used [0x00000000d5b00000,0x00000000d5b00000,0x00000000d5b80000)
 ParOldGen       total 522752K, used 111842K [0x0000000080000000, 0x000000009fe80000, 0x00000000d5580000)
  object space 522752K, 21% used [0x0000000080000000,0x0000000086d388d0,0x000000009fe80000)
 Metaspace       used 78318K, committed 80192K, reserved 1179648K
  class space    used 8058K, committed 8896K, reserved 1048576K
}
Event: 995.814 GC heap before
{Heap before GC invocations=337 (full 4):
 PSYoungGen      total 4096K, used 3921K [0x00000000d5580000, 0x00000000d5c00000, 0x0000000100000000)
  eden space 3584K, 100% used [0x00000000d5580000,0x00000000d5900000,0x00000000d5900000)
  from space 512K, 65% used [0x00000000d5b80000,0x00000000d5bd45a8,0x00000000d5c00000)
  to   space 512K, 0% used [0x00000000d5b00000,0x00000000d5b00000,0x00000000d5b80000)
 ParOldGen       total 522752K, used 111842K [0x0000000080000000, 0x000000009fe80000, 0x00000000d5580000)
  object space 522752K, 21% used [0x0000000080000000,0x0000000086d388d0,0x000000009fe80000)
 Metaspace       used 78798K, committed 80704K, reserved 1179648K
  class space    used 8105K, committed 8960K, reserved 1048576K
}
Event: 995.814 GC heap after
{Heap after GC invocations=337 (full 4):
 PSYoungGen      total 4096K, used 352K [0x00000000d5580000, 0x00000000d5c00000, 0x0000000100000000)
  eden space 3584K, 0% used [0x00000000d5580000,0x00000000d5580000,0x00000000d5900000)
  from space 512K, 68% used [0x00000000d5b00000,0x00000000d5b58020,0x00000000d5b80000)
  to   space 512K, 0% used [0x00000000d5b80000,0x00000000d5b80000,0x00000000d5c00000)
 ParOldGen       total 522752K, used 112049K [0x0000000080000000, 0x000000009fe80000, 0x00000000d5580000)
  object space 522752K, 21% used [0x0000000080000000,0x0000000086d6c490,0x000000009fe80000)
 Metaspace       used 78798K, committed 80704K, reserved 1179648K
  class space    used 8105K, committed 8960K, reserved 1048576K
}
Event: 995.833 GC heap before
{Heap before GC invocations=338 (full 4):
 PSYoungGen      total 4096K, used 3936K [0x00000000d5580000, 0x00000000d5c00000, 0x0000000100000000)
  eden space 3584K, 100% used [0x00000000d5580000,0x00000000d5900000,0x00000000d5900000)
  from space 512K, 68% used [0x00000000d5b00000,0x00000000d5b58020,0x00000000d5b80000)
  to   space 512K, 0% used [0x00000000d5b80000,0x00000000d5b80000,0x00000000d5c00000)
 ParOldGen       total 522752K, used 112049K [0x0000000080000000, 0x000000009fe80000, 0x00000000d5580000)
  object space 522752K, 21% used [0x0000000080000000,0x0000000086d6c490,0x000000009fe80000)
 Metaspace       used 79187K, committed 81024K, reserved 1179648K
  class space    used 8159K, committed 8960K, reserved 1048576K
}
Event: 995.833 GC heap after
{Heap after GC invocations=338 (full 4):
 PSYoungGen      total 4096K, used 256K [0x00000000d5580000, 0x00000000d5c00000, 0x0000000100000000)
  eden space 3584K, 0% used [0x00000000d5580000,0x00000000d5580000,0x00000000d5900000)
  from space 512K, 50% used [0x00000000d5b80000,0x00000000d5bc0000,0x00000000d5c00000)
  to   space 512K, 0% used [0x00000000d5b00000,0x00000000d5b00000,0x00000000d5b80000)
 ParOldGen       total 522752K, used 112185K [0x0000000080000000, 0x000000009fe80000, 0x00000000d5580000)
  object space 522752K, 21% used [0x0000000080000000,0x0000000086d8e4b0,0x000000009fe80000)
 Metaspace       used 79187K, committed 81024K, reserved 1179648K
  class space    used 8159K, committed 8960K, reserved 1048576K
}
Event: 995.861 GC heap before
{Heap before GC invocations=339 (full 4):
 PSYoungGen      total 4096K, used 3840K [0x00000000d5580000, 0x00000000d5c00000, 0x0000000100000000)
  eden space 3584K, 100% used [0x00000000d5580000,0x00000000d5900000,0x00000000d5900000)
  from space 512K, 50% used [0x00000000d5b80000,0x00000000d5bc0000,0x00000000d5c00000)
  to   space 512K, 0% used [0x00000000d5b00000,0x00000000d5b00000,0x00000000d5b80000)
 ParOldGen       total 522752K, used 112185K [0x0000000080000000, 0x000000009fe80000, 0x00000000d5580000)
  object space 522752K, 21% used [0x0000000080000000,0x0000000086d8e4b0,0x000000009fe80000)
 Metaspace       used 79626K, committed 81472K, reserved 1179648K
  class space    used 8225K, committed 9024K, reserved 1048576K
}
Event: 995.862 GC heap after
{Heap after GC invocations=339 (full 4):
 PSYoungGen      total 4096K, used 272K [0x00000000d5580000, 0x00000000d5c00000, 0x0000000100000000)
  eden space 3584K, 0% used [0x00000000d5580000,0x00000000d5580000,0x00000000d5900000)
  from space 512K, 53% used [0x00000000d5b00000,0x00000000d5b44010,0x00000000d5b80000)
  to   space 512K, 0% used [0x00000000d5b80000,0x00000000d5b80000,0x00000000d5c00000)
 ParOldGen       total 522752K, used 112249K [0x0000000080000000, 0x000000009fe80000, 0x00000000d5580000)
  object space 522752K, 21% used [0x0000000080000000,0x0000000086d9e4b0,0x000000009fe80000)
 Metaspace       used 79626K, committed 81472K, reserved 1179648K
  class space    used 8225K, committed 9024K, reserved 1048576K
}
Event: 995.879 GC heap before
{Heap before GC invocations=340 (full 4):
 PSYoungGen      total 4096K, used 3856K [0x00000000d5580000, 0x00000000d5c00000, 0x0000000100000000)
  eden space 3584K, 100% used [0x00000000d5580000,0x00000000d5900000,0x00000000d5900000)
  from space 512K, 53% used [0x00000000d5b00000,0x00000000d5b44010,0x00000000d5b80000)
  to   space 512K, 0% used [0x00000000d5b80000,0x00000000d5b80000,0x00000000d5c00000)
 ParOldGen       total 522752K, used 112249K [0x0000000080000000, 0x000000009fe80000, 0x00000000d5580000)
  object space 522752K, 21% used [0x0000000080000000,0x0000000086d9e4b0,0x000000009fe80000)
 Metaspace       used 79887K, committed 81792K, reserved 1179648K
  class space    used 8295K, committed 9152K, reserved 1048576K
}
Event: 995.880 GC heap after
{Heap after GC invocations=340 (full 4):
 PSYoungGen      total 4096K, used 256K [0x00000000d5580000, 0x00000000d5c00000, 0x0000000100000000)
  eden space 3584K, 0% used [0x00000000d5580000,0x00000000d5580000,0x00000000d5900000)
  from space 512K, 50% used [0x00000000d5b80000,0x00000000d5bc0000,0x00000000d5c00000)
  to   space 512K, 0% used [0x00000000d5b00000,0x00000000d5b00000,0x00000000d5b80000)
 ParOldGen       total 522752K, used 112393K [0x0000000080000000, 0x000000009fe80000, 0x00000000d5580000)
  object space 522752K, 21% used [0x0000000080000000,0x0000000086dc24e0,0x000000009fe80000)
 Metaspace       used 79887K, committed 81792K, reserved 1179648K
  class space    used 8295K, committed 9152K, reserved 1048576K
}
Event: 995.898 GC heap before
{Heap before GC invocations=341 (full 4):
 PSYoungGen      total 4096K, used 3840K [0x00000000d5580000, 0x00000000d5c00000, 0x0000000100000000)
  eden space 3584K, 100% used [0x00000000d5580000,0x00000000d5900000,0x00000000d5900000)
  from space 512K, 50% used [0x00000000d5b80000,0x00000000d5bc0000,0x00000000d5c00000)
  to   space 512K, 0% used [0x00000000d5b00000,0x00000000d5b00000,0x00000000d5b80000)
 ParOldGen       total 522752K, used 112393K [0x0000000080000000, 0x000000009fe80000, 0x00000000d5580000)
  object space 522752K, 21% used [0x0000000080000000,0x0000000086dc24e0,0x000000009fe80000)
 Metaspace       used 80281K, committed 82176K, reserved 1179648K
  class space    used 8362K, committed 9216K, reserved 1048576K
}
Event: 995.899 GC heap after
{Heap after GC invocations=341 (full 4):
 PSYoungGen      total 4096K, used 256K [0x00000000d5580000, 0x00000000d5c00000, 0x0000000100000000)
  eden space 3584K, 0% used [0x00000000d5580000,0x00000000d5580000,0x00000000d5900000)
  from space 512K, 50% used [0x00000000d5b00000,0x00000000d5b40000,0x00000000d5b80000)
  to   space 512K, 0% used [0x00000000d5b80000,0x00000000d5b80000,0x00000000d5c00000)
 ParOldGen       total 522752K, used 112465K [0x0000000080000000, 0x000000009fe80000, 0x00000000d5580000)
  object space 522752K, 21% used [0x0000000080000000,0x0000000086dd44e0,0x000000009fe80000)
 Metaspace       used 80281K, committed 82176K, reserved 1179648K
  class space    used 8362K, committed 9216K, reserved 1048576K
}
Event: 995.935 GC heap before
{Heap before GC invocations=342 (full 4):
 PSYoungGen      total 4096K, used 3840K [0x00000000d5580000, 0x00000000d5c00000, 0x0000000100000000)
  eden space 3584K, 100% used [0x00000000d5580000,0x00000000d5900000,0x00000000d5900000)
  from space 512K, 50% used [0x00000000d5b00000,0x00000000d5b40000,0x00000000d5b80000)
  to   space 512K, 0% used [0x00000000d5b80000,0x00000000d5b80000,0x00000000d5c00000)
 ParOldGen       total 522752K, used 112465K [0x0000000080000000, 0x000000009fe80000, 0x00000000d5580000)
  object space 522752K, 21% used [0x0000000080000000,0x0000000086dd44e0,0x000000009fe80000)
 Metaspace       used 80716K, committed 82624K, reserved 1179648K
  class space    used 8409K, committed 9280K, reserved 1048576K
}
Event: 995.936 GC heap after
{Heap after GC invocations=342 (full 4):
 PSYoungGen      total 4096K, used 352K [0x00000000d5580000, 0x00000000d5c00000, 0x0000000100000000)
  eden space 3584K, 0% used [0x00000000d5580000,0x00000000d5580000,0x00000000d5900000)
  from space 512K, 68% used [0x00000000d5b80000,0x00000000d5bd8000,0x00000000d5c00000)
  to   space 512K, 0% used [0x00000000d5b00000,0x00000000d5b00000,0x00000000d5b80000)
 ParOldGen       total 522752K, used 112553K [0x0000000080000000, 0x000000009fe80000, 0x00000000d5580000)
  object space 522752K, 21% used [0x0000000080000000,0x0000000086dea4e0,0x000000009fe80000)
 Metaspace       used 80716K, committed 82624K, reserved 1179648K
  class space    used 8409K, committed 9280K, reserved 1048576K
}
Event: 1001.346 GC heap before
{Heap before GC invocations=343 (full 4):
 PSYoungGen      total 4096K, used 3936K [0x00000000d5580000, 0x00000000d5c00000, 0x0000000100000000)
  eden space 3584K, 100% used [0x00000000d5580000,0x00000000d5900000,0x00000000d5900000)
  from space 512K, 68% used [0x00000000d5b80000,0x00000000d5bd8000,0x00000000d5c00000)
  to   space 512K, 0% used [0x00000000d5b00000,0x00000000d5b00000,0x00000000d5b80000)
 ParOldGen       total 522752K, used 112553K [0x0000000080000000, 0x000000009fe80000, 0x00000000d5580000)
  object space 522752K, 21% used [0x0000000080000000,0x0000000086dea4e0,0x000000009fe80000)
 Metaspace       used 81149K, committed 83008K, reserved 1179648K
  class space    used 8500K, committed 9344K, reserved 1048576K
}
Event: 1001.347 GC heap after
{Heap after GC invocations=343 (full 4):
 PSYoungGen      total 4096K, used 288K [0x00000000d5580000, 0x00000000d5c00000, 0x0000000100000000)
  eden space 3584K, 0% used [0x00000000d5580000,0x00000000d5580000,0x00000000d5900000)
  from space 512K, 56% used [0x00000000d5b00000,0x00000000d5b48000,0x00000000d5b80000)
  to   space 512K, 0% used [0x00000000d5b80000,0x00000000d5b80000,0x00000000d5c00000)
 ParOldGen       total 522752K, used 112721K [0x0000000080000000, 0x000000009fe80000, 0x00000000d5580000)
  object space 522752K, 21% used [0x0000000080000000,0x0000000086e144f0,0x000000009fe80000)
 Metaspace       used 81149K, committed 83008K, reserved 1179648K
  class space    used 8500K, committed 9344K, reserved 1048576K
}
Event: 1001.381 GC heap before
{Heap before GC invocations=344 (full 4):
 PSYoungGen      total 4096K, used 3872K [0x00000000d5580000, 0x00000000d5c00000, 0x0000000100000000)
  eden space 3584K, 100% used [0x00000000d5580000,0x00000000d5900000,0x00000000d5900000)
  from space 512K, 56% used [0x00000000d5b00000,0x00000000d5b48000,0x00000000d5b80000)
  to   space 512K, 0% used [0x00000000d5b80000,0x00000000d5b80000,0x00000000d5c00000)
 ParOldGen       total 522752K, used 112721K [0x0000000080000000, 0x000000009fe80000, 0x00000000d5580000)
  object space 522752K, 21% used [0x0000000080000000,0x0000000086e144f0,0x000000009fe80000)
 Metaspace       used 81505K, committed 83392K, reserved 1179648K
  class space    used 8543K, committed 9408K, reserved 1048576K
}
Event: 1001.382 GC heap after
{Heap after GC invocations=344 (full 4):
 PSYoungGen      total 4096K, used 416K [0x00000000d5580000, 0x00000000d5c00000, 0x0000000100000000)
  eden space 3584K, 0% used [0x00000000d5580000,0x00000000d5580000,0x00000000d5900000)
  from space 512K, 81% used [0x00000000d5b80000,0x00000000d5be8020,0x00000000d5c00000)
  to   space 512K, 0% used [0x00000000d5b00000,0x00000000d5b00000,0x00000000d5b80000)
 ParOldGen       total 522752K, used 112881K [0x0000000080000000, 0x000000009fe80000, 0x00000000d5580000)
  object space 522752K, 21% used [0x0000000080000000,0x0000000086e3c4f0,0x000000009fe80000)
 Metaspace       used 81505K, committed 83392K, reserved 1179648K
  class space    used 8543K, committed 9408K, reserved 1048576K
}
Event: 1001.438 GC heap before
{Heap before GC invocations=345 (full 4):
 PSYoungGen      total 4096K, used 4000K [0x00000000d5580000, 0x00000000d5c00000, 0x0000000100000000)
  eden space 3584K, 100% used [0x00000000d5580000,0x00000000d5900000,0x00000000d5900000)
  from space 512K, 81% used [0x00000000d5b80000,0x00000000d5be8020,0x00000000d5c00000)
  to   space 512K, 0% used [0x00000000d5b00000,0x00000000d5b00000,0x00000000d5b80000)
 ParOldGen       total 522752K, used 112881K [0x0000000080000000, 0x000000009fe80000, 0x00000000d5580000)
  object space 522752K, 21% used [0x0000000080000000,0x0000000086e3c4f0,0x000000009fe80000)
 Metaspace       used 81742K, committed 83648K, reserved 1179648K
  class space    used 8580K, committed 9472K, reserved 1048576K
}
Event: 1001.438 GC heap after
{Heap after GC invocations=345 (full 4):
 PSYoungGen      total 4096K, used 320K [0x00000000d5580000, 0x00000000d5c00000, 0x0000000100000000)
  eden space 3584K, 0% used [0x00000000d5580000,0x00000000d5580000,0x00000000d5900000)
  from space 512K, 62% used [0x00000000d5b00000,0x00000000d5b50000,0x00000000d5b80000)
  to   space 512K, 0% used [0x00000000d5b80000,0x00000000d5b80000,0x00000000d5c00000)
 ParOldGen       total 522752K, used 113097K [0x0000000080000000, 0x000000009fe80000, 0x00000000d5580000)
  object space 522752K, 21% used [0x0000000080000000,0x0000000086e724f0,0x000000009fe80000)
 Metaspace       used 81742K, committed 83648K, reserved 1179648K
  class space    used 8580K, committed 9472K, reserved 1048576K
}

